<?xml version="1.0" encoding="UTF-8"?>
<!-- Generated by org.testng.reporters.JUnitReportReporter -->
<testsuite skipped="0" hostname="HP" name="Test1.TestGoogle" tests="1" failures="0" timestamp="2020-05-22T13:27:03 IST" time="10.093" errors="0">
  <testcase name="Tester" time="10.093" classname="Test1.TestGoogle"/>
</testsuite> <!-- Test1.TestGoogle -->
